<?xml version="1.0" encoding="UTF-8"?>
<testng-results ignored="0" total="3" passed="3" failed="0" skipped="0">
  <reporter-output>
  </reporter-output>
  <suite started-at="2022-07-19T02:18:44 GMT-07:00" name="Default suite" finished-at="2022-07-19T02:18:44 GMT-07:00" duration-ms="98">
    <groups>
    </groups>
    <test started-at="2022-07-19T02:18:44 GMT-07:00" name="Default test" finished-at="2022-07-19T02:18:44 GMT-07:00" duration-ms="98">
      <class name="mavenproject_practice.TestNgPractice">
        <test-method signature="Test1()[pri:0, instance:mavenproject_practice.TestNgPractice@53ce1329]" started-at="2022-07-19T02:18:44 GMT-07:00" name="Test1" finished-at="2022-07-19T02:18:44 GMT-07:00" duration-ms="17" status="PASS">
          <reporter-output>
          </reporter-output>
        </test-method> <!-- Test1 -->
        <test-method signature="Test2()[pri:0, instance:mavenproject_practice.TestNgPractice@53ce1329]" started-at="2022-07-19T02:18:44 GMT-07:00" name="Test2" finished-at="2022-07-19T02:18:44 GMT-07:00" duration-ms="2" status="PASS">
          <reporter-output>
          </reporter-output>
        </test-method> <!-- Test2 -->
        <test-method signature="Test3()[pri:0, instance:mavenproject_practice.TestNgPractice@53ce1329]" started-at="2022-07-19T02:18:44 GMT-07:00" name="Test3" finished-at="2022-07-19T02:18:44 GMT-07:00" duration-ms="2" status="PASS">
          <reporter-output>
          </reporter-output>
        </test-method> <!-- Test3 -->
      </class> <!-- mavenproject_practice.TestNgPractice -->
    </test> <!-- Default test -->
  </suite> <!-- Default suite -->
</testng-results>
