<?xml version="1.0" encoding="UTF-8"?>
<!-- Generated by org.testng.reporters.JUnitXMLReporter -->
<testsuite ignored="0" hostname="DESKTOP-B0PFRS0" failures="0" tests="3" name="Default test" time="0.098" errors="0" timestamp="2022-07-19T02:18:44 GMT-07:00">
  <testcase classname="mavenproject_practice.TestNgPractice" name="Test1" time="0.017"/>
  <testcase classname="mavenproject_practice.TestNgPractice" name="Test2" time="0.002"/>
  <testcase classname="mavenproject_practice.TestNgPractice" name="Test3" time="0.002"/>
</testsuite> <!-- Default test -->
