<?xml version="1.0" encoding="UTF-8"?>
<!-- Generated by org.testng.reporters.JUnitXMLReporter -->
<testsuite ignored="0" hostname="DESKTOP-B0PFRS0" failures="0" tests="3" name="Default test" time="0.088" errors="0" timestamp="2022-07-19T03:43:47 GMT-07:00">
  <testcase classname="mavenproject_practice.Practice1Test" name="Practice1Test" time="0.018"/>
  <testcase classname="mavenproject_practice.Practice1Test" name="Practice2Test" time="0.003"/>
  <testcase classname="mavenproject_practice.Practice1Test" name="Practice3Test" time="0.003"/>
</testsuite> <!-- Default test -->
